TN:
SF:src/app.module.ts
FNF:0
FNH:0
DA:1,0
DA:2,0
DA:3,0
DA:4,0
DA:5,0
DA:22,0
LF:6
LH:0
BRF:0
BRH:0
end_of_record
TN:
SF:src/user/index.ts
FNF:0
FNH:0
DA:1,1
DA:2,1
LF:2
LH:2
BRF:0
BRH:0
end_of_record
TN:
SF:src/user/user.controller.ts
FN:13,(anonymous_11)
FN:19,(anonymous_12)
FNF:2
FNH:1
FNDA:2,(anonymous_11)
FNDA:0,(anonymous_12)
DA:1,1
DA:2,1
DA:3,1
DA:4,1
DA:5,1
DA:6,1
DA:8,1
DA:12,1
DA:13,2
DA:19,1
DA:20,0
LF:11
LH:10
BRF:0
BRH:0
end_of_record
TN:
SF:src/user/user.entity.ts
FNF:0
FNH:0
DA:3,1
LF:1
LH:1
BRF:0
BRH:0
end_of_record
TN:
SF:src/user/user.module.ts
FNF:0
FNH:0
DA:1,1
DA:2,1
DA:3,1
DA:4,1
DA:10,1
LF:5
LH:5
BRF:0
BRH:0
end_of_record
TN:
SF:src/user/user.repository.ts
FN:7,(anonymous_2)
FN:9,(anonymous_3)
FN:23,(anonymous_4)
FN:26,(anonymous_5)
FN:33,(anonymous_6)
FN:36,(anonymous_7)
FNF:6
FNH:0
FNDA:0,(anonymous_2)
FNDA:0,(anonymous_3)
FNDA:0,(anonymous_4)
FNDA:0,(anonymous_5)
FNDA:0,(anonymous_6)
FNDA:0,(anonymous_7)
DA:1,1
DA:2,1
DA:6,1
DA:7,0
DA:10,0
DA:24,0
DA:26,0
DA:34,0
DA:36,0
LF:9
LH:3
BRF:0
BRH:0
end_of_record
TN:
SF:src/user/user.service.ts
FN:13,(anonymous_9)
FN:17,(anonymous_10)
FN:51,(anonymous_12)
FNF:3
FNH:1
FNDA:2,(anonymous_9)
FNDA:0,(anonymous_10)
FNDA:0,(anonymous_12)
DA:1,1
DA:2,1
DA:3,1
DA:4,1
DA:5,1
DA:6,1
DA:7,1
DA:9,1
DA:12,1
DA:13,2
DA:14,2
DA:18,0
DA:20,0
DA:21,0
DA:23,0
DA:24,0
DA:25,0
DA:26,0
DA:27,0
DA:28,0
DA:30,0
DA:32,0
DA:33,0
DA:35,0
DA:36,0
DA:37,0
DA:38,0
DA:40,0
DA:41,0
DA:48,0
DA:52,0
DA:55,0
DA:56,0
DA:57,0
DA:64,0
DA:65,0
DA:68,0
DA:69,0
DA:70,0
LF:39
LH:11
BRDA:55,0,0,0
BRDA:64,1,0,0
BRDA:68,2,0,0
BRF:3
BRH:0
end_of_record
TN:
SF:src/user/dto/user.dto.ts
FNF:0
FNH:0
DA:1,1
DA:2,1
DA:4,1
DA:8,1
DA:13,1
DA:18,1
DA:23,1
DA:28,1
LF:8
LH:8
BRF:0
BRH:0
end_of_record
TN:
SF:src/user/ro/user.ro.ts
FNF:0
FNH:0
DA:1,1
DA:3,1
DA:5,1
DA:8,1
DA:11,1
DA:14,1
LF:6
LH:6
BRF:0
BRH:0
end_of_record
